<?xml version="1.0" encoding="UTF-8"?>
<testng-results skipped="0" failed="0" ignored="0" total="1" passed="1">
  <reporter-output>
  </reporter-output>
  <suite name="Default suite" duration-ms="63163" started-at="2020-05-28T09:37:29 PDT" finished-at="2020-05-28T09:38:32 PDT">
    <groups>
    </groups>
    <test name="Default test" duration-ms="63163" started-at="2020-05-28T09:37:29 PDT" finished-at="2020-05-28T09:38:32 PDT">
      <class name="com.QAAcademy.PractiseTest">
        <test-method status="PASS" signature="practise()[pri:0, instance:com.QAAcademy.PractiseTest@32709393]" name="practise" duration-ms="63085" started-at="2020-05-28T09:37:29 PDT" finished-at="2020-05-28T09:38:32 PDT">
          <reporter-output>
          </reporter-output>
        </test-method> <!-- practise -->
      </class> <!-- com.QAAcademy.PractiseTest -->
    </test> <!-- Default test -->
  </suite> <!-- Default suite -->
</testng-results>
